[1.675s] Invoking command in '/home/peteraerocedi/Samis_Drone/src/samis_drone_crl': PYTHONPATH=/home/peteraerocedi/Samis_Drone/build/samis_drone_crl/prefix_override:/home/peteraerocedi/Samis_Drone/install/samis_drone_crl/lib/python3.10/site-packages:${PYTHONPATH} /usr/bin/python3 setup.py egg_info --egg-base ../../build/samis_drone_crl build --build-base /home/peteraerocedi/Samis_Drone/build/samis_drone_crl/build install --record /home/peteraerocedi/Samis_Drone/build/samis_drone_crl/install.log --single-version-externally-managed
[2.191s] running egg_info
[2.192s] writing ../../build/samis_drone_crl/samis_drone_crl.egg-info/PKG-INFO
[2.192s] writing dependency_links to ../../build/samis_drone_crl/samis_drone_crl.egg-info/dependency_links.txt
[2.192s] writing entry points to ../../build/samis_drone_crl/samis_drone_crl.egg-info/entry_points.txt
[2.193s] writing requirements to ../../build/samis_drone_crl/samis_drone_crl.egg-info/requires.txt
[2.193s] writing top-level names to ../../build/samis_drone_crl/samis_drone_crl.egg-info/top_level.txt
[2.196s] reading manifest file '../../build/samis_drone_crl/samis_drone_crl.egg-info/SOURCES.txt'
[2.197s] writing manifest file '../../build/samis_drone_crl/samis_drone_crl.egg-info/SOURCES.txt'
[2.197s] running build
[2.197s] running build_py
[2.197s] copying samis_drone_crl/initiate_drone.py -> /home/peteraerocedi/Samis_Drone/build/samis_drone_crl/build/lib/samis_drone_crl
[2.197s] creating /home/peteraerocedi/Samis_Drone/build/samis_drone_crl/build/lib/samis_drone_crl/djitellopy
[2.198s] copying samis_drone_crl/djitellopy/swarm.py -> /home/peteraerocedi/Samis_Drone/build/samis_drone_crl/build/lib/samis_drone_crl/djitellopy
[2.198s] copying samis_drone_crl/djitellopy/__init__.py -> /home/peteraerocedi/Samis_Drone/build/samis_drone_crl/build/lib/samis_drone_crl/djitellopy
[2.198s] copying samis_drone_crl/djitellopy/tello.py -> /home/peteraerocedi/Samis_Drone/build/samis_drone_crl/build/lib/samis_drone_crl/djitellopy
[2.198s] copying samis_drone_crl/djitellopy/enforce_types.py -> /home/peteraerocedi/Samis_Drone/build/samis_drone_crl/build/lib/samis_drone_crl/djitellopy
[2.199s] running install
[2.199s] /usr/lib/python3/dist-packages/setuptools/command/install.py:34: SetuptoolsDeprecationWarning: setup.py install is deprecated. Use build and pip and other standards-based tools.
[2.199s]   warnings.warn(
[2.199s] running install_lib
[2.200s] copying /home/peteraerocedi/Samis_Drone/build/samis_drone_crl/build/lib/samis_drone_crl/initiate_drone.py -> /home/peteraerocedi/Samis_Drone/install/samis_drone_crl/lib/python3.10/site-packages/samis_drone_crl
[2.201s] creating /home/peteraerocedi/Samis_Drone/install/samis_drone_crl/lib/python3.10/site-packages/samis_drone_crl/djitellopy
[2.201s] copying /home/peteraerocedi/Samis_Drone/build/samis_drone_crl/build/lib/samis_drone_crl/djitellopy/swarm.py -> /home/peteraerocedi/Samis_Drone/install/samis_drone_crl/lib/python3.10/site-packages/samis_drone_crl/djitellopy
[2.201s] copying /home/peteraerocedi/Samis_Drone/build/samis_drone_crl/build/lib/samis_drone_crl/djitellopy/__init__.py -> /home/peteraerocedi/Samis_Drone/install/samis_drone_crl/lib/python3.10/site-packages/samis_drone_crl/djitellopy
[2.201s] copying /home/peteraerocedi/Samis_Drone/build/samis_drone_crl/build/lib/samis_drone_crl/djitellopy/tello.py -> /home/peteraerocedi/Samis_Drone/install/samis_drone_crl/lib/python3.10/site-packages/samis_drone_crl/djitellopy
[2.202s] copying /home/peteraerocedi/Samis_Drone/build/samis_drone_crl/build/lib/samis_drone_crl/djitellopy/enforce_types.py -> /home/peteraerocedi/Samis_Drone/install/samis_drone_crl/lib/python3.10/site-packages/samis_drone_crl/djitellopy
[2.205s] byte-compiling /home/peteraerocedi/Samis_Drone/install/samis_drone_crl/lib/python3.10/site-packages/samis_drone_crl/initiate_drone.py to initiate_drone.cpython-310.pyc
[2.206s] byte-compiling /home/peteraerocedi/Samis_Drone/install/samis_drone_crl/lib/python3.10/site-packages/samis_drone_crl/djitellopy/swarm.py to swarm.cpython-310.pyc
[2.207s] byte-compiling /home/peteraerocedi/Samis_Drone/install/samis_drone_crl/lib/python3.10/site-packages/samis_drone_crl/djitellopy/__init__.py to __init__.cpython-310.pyc
[2.207s] byte-compiling /home/peteraerocedi/Samis_Drone/install/samis_drone_crl/lib/python3.10/site-packages/samis_drone_crl/djitellopy/tello.py to tello.cpython-310.pyc
[2.212s] byte-compiling /home/peteraerocedi/Samis_Drone/install/samis_drone_crl/lib/python3.10/site-packages/samis_drone_crl/djitellopy/enforce_types.py to enforce_types.cpython-310.pyc
[2.213s] running install_data
[2.213s] running install_egg_info
[2.217s] removing '/home/peteraerocedi/Samis_Drone/install/samis_drone_crl/lib/python3.10/site-packages/samis_drone_crl-0.0.1-py3.10.egg-info' (and everything under it)
[2.217s] Copying ../../build/samis_drone_crl/samis_drone_crl.egg-info to /home/peteraerocedi/Samis_Drone/install/samis_drone_crl/lib/python3.10/site-packages/samis_drone_crl-0.0.1-py3.10.egg-info
[2.218s] running install_scripts
[2.257s] Installing initiate script to /home/peteraerocedi/Samis_Drone/install/samis_drone_crl/lib/samis_drone_crl
[2.258s] writing list of installed files to '/home/peteraerocedi/Samis_Drone/build/samis_drone_crl/install.log'
[2.281s] Invoked command in '/home/peteraerocedi/Samis_Drone/src/samis_drone_crl' returned '0': PYTHONPATH=/home/peteraerocedi/Samis_Drone/build/samis_drone_crl/prefix_override:/home/peteraerocedi/Samis_Drone/install/samis_drone_crl/lib/python3.10/site-packages:${PYTHONPATH} /usr/bin/python3 setup.py egg_info --egg-base ../../build/samis_drone_crl build --build-base /home/peteraerocedi/Samis_Drone/build/samis_drone_crl/build install --record /home/peteraerocedi/Samis_Drone/build/samis_drone_crl/install.log --single-version-externally-managed
