running egg_info
creating ../../build/samis_drone_crl/samis_drone_crl.egg-info
writing ../../build/samis_drone_crl/samis_drone_crl.egg-info/PKG-INFO
writing dependency_links to ../../build/samis_drone_crl/samis_drone_crl.egg-info/dependency_links.txt
writing entry points to ../../build/samis_drone_crl/samis_drone_crl.egg-info/entry_points.txt
writing requirements to ../../build/samis_drone_crl/samis_drone_crl.egg-info/requires.txt
writing top-level names to ../../build/samis_drone_crl/samis_drone_crl.egg-info/top_level.txt
writing manifest file '../../build/samis_drone_crl/samis_drone_crl.egg-info/SOURCES.txt'
reading manifest file '../../build/samis_drone_crl/samis_drone_crl.egg-info/SOURCES.txt'
writing manifest file '../../build/samis_drone_crl/samis_drone_crl.egg-info/SOURCES.txt'
running build
running build_py
creating /home/peteraerocedi/Samis_Drone/build/samis_drone_crl/build
creating /home/peteraerocedi/Samis_Drone/build/samis_drone_crl/build/lib
creating /home/peteraerocedi/Samis_Drone/build/samis_drone_crl/build/lib/samis_drone_crl
copying samis_drone_crl/initiate_drone.py -> /home/peteraerocedi/Samis_Drone/build/samis_drone_crl/build/lib/samis_drone_crl
copying samis_drone_crl/__init__.py -> /home/peteraerocedi/Samis_Drone/build/samis_drone_crl/build/lib/samis_drone_crl
running install
running install_lib
creating /home/peteraerocedi/Samis_Drone/install/samis_drone_crl/lib/python3.10/site-packages/samis_drone_crl
copying /home/peteraerocedi/Samis_Drone/build/samis_drone_crl/build/lib/samis_drone_crl/initiate_drone.py -> /home/peteraerocedi/Samis_Drone/install/samis_drone_crl/lib/python3.10/site-packages/samis_drone_crl
copying /home/peteraerocedi/Samis_Drone/build/samis_drone_crl/build/lib/samis_drone_crl/__init__.py -> /home/peteraerocedi/Samis_Drone/install/samis_drone_crl/lib/python3.10/site-packages/samis_drone_crl
byte-compiling /home/peteraerocedi/Samis_Drone/install/samis_drone_crl/lib/python3.10/site-packages/samis_drone_crl/initiate_drone.py to initiate_drone.cpython-310.pyc
byte-compiling /home/peteraerocedi/Samis_Drone/install/samis_drone_crl/lib/python3.10/site-packages/samis_drone_crl/__init__.py to __init__.cpython-310.pyc
running install_data
creating /home/peteraerocedi/Samis_Drone/install/samis_drone_crl/share/ament_index
creating /home/peteraerocedi/Samis_Drone/install/samis_drone_crl/share/ament_index/resource_index
creating /home/peteraerocedi/Samis_Drone/install/samis_drone_crl/share/ament_index/resource_index/packages
copying resource/samis_drone_crl -> /home/peteraerocedi/Samis_Drone/install/samis_drone_crl/share/ament_index/resource_index/packages
copying package.xml -> /home/peteraerocedi/Samis_Drone/install/samis_drone_crl/share/samis_drone_crl
running install_egg_info
Copying ../../build/samis_drone_crl/samis_drone_crl.egg-info to /home/peteraerocedi/Samis_Drone/install/samis_drone_crl/lib/python3.10/site-packages/samis_drone_crl-0.0.1-py3.10.egg-info
running install_scripts
Installing initiate script to /home/peteraerocedi/Samis_Drone/install/samis_drone_crl/lib/samis_drone_crl
writing list of installed files to '/home/peteraerocedi/Samis_Drone/build/samis_drone_crl/install.log'
