[1.818s] Invoking command in '/home/peteraerocedi/Samis_Drone/src/samis_drone_crl': PYTHONPATH=/home/peteraerocedi/Samis_Drone/build/samis_drone_crl/prefix_override:/home/peteraerocedi/Samis_Drone/install/samis_drone_crl/lib/python3.10/site-packages:${PYTHONPATH} /usr/bin/python3 setup.py egg_info --egg-base ../../build/samis_drone_crl build --build-base /home/peteraerocedi/Samis_Drone/build/samis_drone_crl/build install --record /home/peteraerocedi/Samis_Drone/build/samis_drone_crl/install.log --single-version-externally-managed
[2.323s] running egg_info
[2.323s] creating ../../build/samis_drone_crl/samis_drone_crl.egg-info
[2.324s] writing ../../build/samis_drone_crl/samis_drone_crl.egg-info/PKG-INFO
[2.324s] writing dependency_links to ../../build/samis_drone_crl/samis_drone_crl.egg-info/dependency_links.txt
[2.324s] writing entry points to ../../build/samis_drone_crl/samis_drone_crl.egg-info/entry_points.txt
[2.325s] writing requirements to ../../build/samis_drone_crl/samis_drone_crl.egg-info/requires.txt
[2.325s] writing top-level names to ../../build/samis_drone_crl/samis_drone_crl.egg-info/top_level.txt
[2.325s] writing manifest file '../../build/samis_drone_crl/samis_drone_crl.egg-info/SOURCES.txt'
[2.327s] reading manifest file '../../build/samis_drone_crl/samis_drone_crl.egg-info/SOURCES.txt'
[2.328s] writing manifest file '../../build/samis_drone_crl/samis_drone_crl.egg-info/SOURCES.txt'
[2.328s] running build
[2.328s] running build_py
[2.329s] creating /home/peteraerocedi/Samis_Drone/build/samis_drone_crl/build
[2.329s] creating /home/peteraerocedi/Samis_Drone/build/samis_drone_crl/build/lib
[2.329s] creating /home/peteraerocedi/Samis_Drone/build/samis_drone_crl/build/lib/samis_drone_crl
[2.329s] copying samis_drone_crl/initiate_drone.py -> /home/peteraerocedi/Samis_Drone/build/samis_drone_crl/build/lib/samis_drone_crl
[2.329s] copying samis_drone_crl/__init__.py -> /home/peteraerocedi/Samis_Drone/build/samis_drone_crl/build/lib/samis_drone_crl
[2.329s] running install
[2.329s] /usr/lib/python3/dist-packages/setuptools/command/install.py:34: SetuptoolsDeprecationWarning: setup.py install is deprecated. Use build and pip and other standards-based tools.
[2.329s]   warnings.warn(
[2.329s] running install_lib
[2.330s] creating /home/peteraerocedi/Samis_Drone/install/samis_drone_crl/lib/python3.10/site-packages/samis_drone_crl
[2.330s] copying /home/peteraerocedi/Samis_Drone/build/samis_drone_crl/build/lib/samis_drone_crl/initiate_drone.py -> /home/peteraerocedi/Samis_Drone/install/samis_drone_crl/lib/python3.10/site-packages/samis_drone_crl
[2.330s] copying /home/peteraerocedi/Samis_Drone/build/samis_drone_crl/build/lib/samis_drone_crl/__init__.py -> /home/peteraerocedi/Samis_Drone/install/samis_drone_crl/lib/python3.10/site-packages/samis_drone_crl
[2.334s] byte-compiling /home/peteraerocedi/Samis_Drone/install/samis_drone_crl/lib/python3.10/site-packages/samis_drone_crl/initiate_drone.py to initiate_drone.cpython-310.pyc
[2.334s] byte-compiling /home/peteraerocedi/Samis_Drone/install/samis_drone_crl/lib/python3.10/site-packages/samis_drone_crl/__init__.py to __init__.cpython-310.pyc
[2.334s] running install_data
[2.334s] creating /home/peteraerocedi/Samis_Drone/install/samis_drone_crl/share/ament_index
[2.334s] creating /home/peteraerocedi/Samis_Drone/install/samis_drone_crl/share/ament_index/resource_index
[2.335s] creating /home/peteraerocedi/Samis_Drone/install/samis_drone_crl/share/ament_index/resource_index/packages
[2.335s] copying resource/samis_drone_crl -> /home/peteraerocedi/Samis_Drone/install/samis_drone_crl/share/ament_index/resource_index/packages
[2.335s] copying package.xml -> /home/peteraerocedi/Samis_Drone/install/samis_drone_crl/share/samis_drone_crl
[2.335s] running install_egg_info
[2.338s] Copying ../../build/samis_drone_crl/samis_drone_crl.egg-info to /home/peteraerocedi/Samis_Drone/install/samis_drone_crl/lib/python3.10/site-packages/samis_drone_crl-0.0.1-py3.10.egg-info
[2.339s] running install_scripts
[2.376s] Installing initiate script to /home/peteraerocedi/Samis_Drone/install/samis_drone_crl/lib/samis_drone_crl
[2.377s] writing list of installed files to '/home/peteraerocedi/Samis_Drone/build/samis_drone_crl/install.log'
[2.399s] Invoked command in '/home/peteraerocedi/Samis_Drone/src/samis_drone_crl' returned '0': PYTHONPATH=/home/peteraerocedi/Samis_Drone/build/samis_drone_crl/prefix_override:/home/peteraerocedi/Samis_Drone/install/samis_drone_crl/lib/python3.10/site-packages:${PYTHONPATH} /usr/bin/python3 setup.py egg_info --egg-base ../../build/samis_drone_crl build --build-base /home/peteraerocedi/Samis_Drone/build/samis_drone_crl/build install --record /home/peteraerocedi/Samis_Drone/build/samis_drone_crl/install.log --single-version-externally-managed
