/home/peteraerocedi/Samis_Drone/install/samis_drone_crl/lib/python3.10/site-packages/samis_drone_crl/initiate_drone.py
/home/peteraerocedi/Samis_Drone/install/samis_drone_crl/lib/python3.10/site-packages/samis_drone_crl/__init__.py
/home/peteraerocedi/Samis_Drone/install/samis_drone_crl/lib/python3.10/site-packages/samis_drone_crl/djitellopy/swarm.py
/home/peteraerocedi/Samis_Drone/install/samis_drone_crl/lib/python3.10/site-packages/samis_drone_crl/djitellopy/__init__.py
/home/peteraerocedi/Samis_Drone/install/samis_drone_crl/lib/python3.10/site-packages/samis_drone_crl/djitellopy/tello.py
/home/peteraerocedi/Samis_Drone/install/samis_drone_crl/lib/python3.10/site-packages/samis_drone_crl/djitellopy/enforce_types.py
/home/peteraerocedi/Samis_Drone/install/samis_drone_crl/lib/python3.10/site-packages/samis_drone_crl/__pycache__/initiate_drone.cpython-310.pyc
/home/peteraerocedi/Samis_Drone/install/samis_drone_crl/lib/python3.10/site-packages/samis_drone_crl/__pycache__/__init__.cpython-310.pyc
/home/peteraerocedi/Samis_Drone/install/samis_drone_crl/lib/python3.10/site-packages/samis_drone_crl/djitellopy/__pycache__/swarm.cpython-310.pyc
/home/peteraerocedi/Samis_Drone/install/samis_drone_crl/lib/python3.10/site-packages/samis_drone_crl/djitellopy/__pycache__/__init__.cpython-310.pyc
/home/peteraerocedi/Samis_Drone/install/samis_drone_crl/lib/python3.10/site-packages/samis_drone_crl/djitellopy/__pycache__/tello.cpython-310.pyc
/home/peteraerocedi/Samis_Drone/install/samis_drone_crl/lib/python3.10/site-packages/samis_drone_crl/djitellopy/__pycache__/enforce_types.cpython-310.pyc
/home/peteraerocedi/Samis_Drone/install/samis_drone_crl/share/ament_index/resource_index/packages/samis_drone_crl
/home/peteraerocedi/Samis_Drone/install/samis_drone_crl/share/samis_drone_crl/package.xml
/home/peteraerocedi/Samis_Drone/install/samis_drone_crl/lib/python3.10/site-packages/samis_drone_crl-0.0.1-py3.10.egg-info/top_level.txt
/home/peteraerocedi/Samis_Drone/install/samis_drone_crl/lib/python3.10/site-packages/samis_drone_crl-0.0.1-py3.10.egg-info/dependency_links.txt
/home/peteraerocedi/Samis_Drone/install/samis_drone_crl/lib/python3.10/site-packages/samis_drone_crl-0.0.1-py3.10.egg-info/entry_points.txt
/home/peteraerocedi/Samis_Drone/install/samis_drone_crl/lib/python3.10/site-packages/samis_drone_crl-0.0.1-py3.10.egg-info/zip-safe
/home/peteraerocedi/Samis_Drone/install/samis_drone_crl/lib/python3.10/site-packages/samis_drone_crl-0.0.1-py3.10.egg-info/SOURCES.txt
/home/peteraerocedi/Samis_Drone/install/samis_drone_crl/lib/python3.10/site-packages/samis_drone_crl-0.0.1-py3.10.egg-info/requires.txt
/home/peteraerocedi/Samis_Drone/install/samis_drone_crl/lib/python3.10/site-packages/samis_drone_crl-0.0.1-py3.10.egg-info/PKG-INFO
/home/peteraerocedi/Samis_Drone/install/samis_drone_crl/lib/samis_drone_crl/initiate
