[2.287s] DEBUG:colcon:Command line arguments: ['/usr/bin/colcon', 'build']
[2.287s] DEBUG:colcon:Parsed command line arguments: Namespace(log_base=None, log_level=None, verb_name='build', build_base='build', install_base='install', merge_install=False, symlink_install=False, test_result_base=None, continue_on_error=False, executor='parallel', parallel_workers=8, event_handlers=None, ignore_user_meta=False, metas=['./colcon.meta'], base_paths=['.'], packages_ignore=None, packages_ignore_regex=None, paths=None, packages_up_to=None, packages_up_to_regex=None, packages_above=None, packages_above_and_dependencies=None, packages_above_depth=None, packages_select_by_dep=None, packages_skip_by_dep=None, packages_skip_up_to=None, packages_select_build_failed=False, packages_skip_build_finished=False, packages_select_test_failures=False, packages_skip_test_passed=False, packages_select=None, packages_skip=None, packages_select_regex=None, packages_skip_regex=None, packages_start=None, packages_end=None, allow_overriding=[], cmake_args=None, cmake_target=None, cmake_target_skip_unavailable=False, cmake_clean_cache=False, cmake_clean_first=False, cmake_force_configure=False, ament_cmake_args=None, catkin_cmake_args=None, catkin_skip_building_tests=False, verb_parser=<colcon_defaults.argument_parser.defaults.DefaultArgumentsDecorator object at 0x7f0621a931f0>, verb_extension=<colcon_core.verb.build.BuildVerb object at 0x7f0620de4f10>, main=<bound method BuildVerb.main of <colcon_core.verb.build.BuildVerb object at 0x7f0620de4f10>>)
[2.397s] Level 1:colcon.colcon_core.package_discovery:discover_packages(colcon_meta) check parameters
[2.397s] Level 1:colcon.colcon_core.package_discovery:discover_packages(recursive) check parameters
[2.397s] Level 1:colcon.colcon_core.package_discovery:discover_packages(ignore) check parameters
[2.397s] Level 1:colcon.colcon_core.package_discovery:discover_packages(path) check parameters
[2.397s] Level 1:colcon.colcon_core.package_discovery:discover_packages(colcon_meta) discover
[2.397s] Level 1:colcon.colcon_core.package_discovery:discover_packages(recursive) discover
[2.397s] INFO:colcon.colcon_core.package_discovery:Crawling recursively for packages in '/home/peteraerocedi/Samis_Drone'
[2.397s] Level 1:colcon.colcon_core.package_identification:_identify(.) by extensions ['ignore', 'ignore_ament_install']
[2.397s] Level 1:colcon.colcon_core.package_identification:_identify(.) by extension 'ignore'
[2.397s] Level 1:colcon.colcon_core.package_identification:_identify(.) by extension 'ignore_ament_install'
[2.397s] Level 1:colcon.colcon_core.package_identification:_identify(.) by extensions ['colcon_pkg']
[2.398s] Level 1:colcon.colcon_core.package_identification:_identify(.) by extension 'colcon_pkg'
[2.398s] Level 1:colcon.colcon_core.package_identification:_identify(.) by extensions ['colcon_meta']
[2.398s] Level 1:colcon.colcon_core.package_identification:_identify(.) by extension 'colcon_meta'
[2.398s] Level 1:colcon.colcon_core.package_identification:_identify(.) by extensions ['ros']
[2.398s] Level 1:colcon.colcon_core.package_identification:_identify(.) by extension 'ros'
[2.409s] Level 1:colcon.colcon_core.package_identification:_identify(.) by extensions ['cmake', 'python']
[2.409s] Level 1:colcon.colcon_core.package_identification:_identify(.) by extension 'cmake'
[2.410s] Level 1:colcon.colcon_core.package_identification:_identify(.) by extension 'python'
[2.410s] Level 1:colcon.colcon_core.package_identification:_identify(.) by extensions ['python_setup_py']
[2.410s] Level 1:colcon.colcon_core.package_identification:_identify(.) by extension 'python_setup_py'
[2.410s] Level 1:colcon.colcon_core.package_identification:_identify(build) by extensions ['ignore', 'ignore_ament_install']
[2.410s] Level 1:colcon.colcon_core.package_identification:_identify(build) by extension 'ignore'
[2.410s] Level 1:colcon.colcon_core.package_identification:_identify(build) ignored
[2.410s] Level 1:colcon.colcon_core.package_identification:_identify(install) by extensions ['ignore', 'ignore_ament_install']
[2.410s] Level 1:colcon.colcon_core.package_identification:_identify(install) by extension 'ignore'
[2.410s] Level 1:colcon.colcon_core.package_identification:_identify(install) ignored
[2.410s] Level 1:colcon.colcon_core.package_identification:_identify(log) by extensions ['ignore', 'ignore_ament_install']
[2.410s] Level 1:colcon.colcon_core.package_identification:_identify(log) by extension 'ignore'
[2.411s] Level 1:colcon.colcon_core.package_identification:_identify(log) ignored
[2.411s] Level 1:colcon.colcon_core.package_identification:_identify(src) by extensions ['ignore', 'ignore_ament_install']
[2.411s] Level 1:colcon.colcon_core.package_identification:_identify(src) by extension 'ignore'
[2.411s] Level 1:colcon.colcon_core.package_identification:_identify(src) by extension 'ignore_ament_install'
[2.411s] Level 1:colcon.colcon_core.package_identification:_identify(src) by extensions ['colcon_pkg']
[2.411s] Level 1:colcon.colcon_core.package_identification:_identify(src) by extension 'colcon_pkg'
[2.411s] Level 1:colcon.colcon_core.package_identification:_identify(src) by extensions ['colcon_meta']
[2.411s] Level 1:colcon.colcon_core.package_identification:_identify(src) by extension 'colcon_meta'
[2.411s] Level 1:colcon.colcon_core.package_identification:_identify(src) by extensions ['ros']
[2.411s] Level 1:colcon.colcon_core.package_identification:_identify(src) by extension 'ros'
[2.411s] Level 1:colcon.colcon_core.package_identification:_identify(src) by extensions ['cmake', 'python']
[2.411s] Level 1:colcon.colcon_core.package_identification:_identify(src) by extension 'cmake'
[2.411s] Level 1:colcon.colcon_core.package_identification:_identify(src) by extension 'python'
[2.411s] Level 1:colcon.colcon_core.package_identification:_identify(src) by extensions ['python_setup_py']
[2.411s] Level 1:colcon.colcon_core.package_identification:_identify(src) by extension 'python_setup_py'
[2.411s] Level 1:colcon.colcon_core.package_identification:_identify(src/samis_drone_crl) by extensions ['ignore', 'ignore_ament_install']
[2.412s] Level 1:colcon.colcon_core.package_identification:_identify(src/samis_drone_crl) by extension 'ignore'
[2.412s] Level 1:colcon.colcon_core.package_identification:_identify(src/samis_drone_crl) by extension 'ignore_ament_install'
[2.412s] Level 1:colcon.colcon_core.package_identification:_identify(src/samis_drone_crl) by extensions ['colcon_pkg']
[2.412s] Level 1:colcon.colcon_core.package_identification:_identify(src/samis_drone_crl) by extension 'colcon_pkg'
[2.412s] Level 1:colcon.colcon_core.package_identification:_identify(src/samis_drone_crl) by extensions ['colcon_meta']
[2.412s] Level 1:colcon.colcon_core.package_identification:_identify(src/samis_drone_crl) by extension 'colcon_meta'
[2.412s] Level 1:colcon.colcon_core.package_identification:_identify(src/samis_drone_crl) by extensions ['ros']
[2.412s] Level 1:colcon.colcon_core.package_identification:_identify(src/samis_drone_crl) by extension 'ros'
[2.415s] DEBUG:colcon.colcon_core.package_identification:Package 'src/samis_drone_crl' with type 'ros.ament_python' and name 'samis_drone_crl'
[2.415s] Level 1:colcon.colcon_core.package_discovery:discover_packages(recursive) using defaults
[2.415s] Level 1:colcon.colcon_core.package_discovery:discover_packages(ignore) discover
[2.415s] Level 1:colcon.colcon_core.package_discovery:discover_packages(ignore) using defaults
[2.415s] Level 1:colcon.colcon_core.package_discovery:discover_packages(path) discover
[2.415s] Level 1:colcon.colcon_core.package_discovery:discover_packages(path) using defaults
[2.645s] Level 1:colcon.colcon_core.package_discovery:discover_packages(prefix_path) check parameters
[2.645s] Level 1:colcon.colcon_core.package_discovery:discover_packages(prefix_path) discover
[2.724s] DEBUG:colcon.colcon_installed_package_information.package_discovery:Found 1 installed packages in /home/peteraerocedi/Samis_Drone/install
[2.768s] DEBUG:colcon.colcon_installed_package_information.package_discovery:Found 345 installed packages in /home/peteraerocedi/ros2_humble/install
[2.804s] DEBUG:colcon.colcon_installed_package_information.package_discovery:Found 264 installed packages in /opt/ros/humble
[2.816s] Level 1:colcon.colcon_core.package_discovery:discover_packages(prefix_path) using defaults
[3.001s] Level 5:colcon.colcon_core.verb:set package 'samis_drone_crl' build argument 'cmake_args' from command line to 'None'
[3.001s] Level 5:colcon.colcon_core.verb:set package 'samis_drone_crl' build argument 'cmake_target' from command line to 'None'
[3.001s] Level 5:colcon.colcon_core.verb:set package 'samis_drone_crl' build argument 'cmake_target_skip_unavailable' from command line to 'False'
[3.001s] Level 5:colcon.colcon_core.verb:set package 'samis_drone_crl' build argument 'cmake_clean_cache' from command line to 'False'
[3.001s] Level 5:colcon.colcon_core.verb:set package 'samis_drone_crl' build argument 'cmake_clean_first' from command line to 'False'
[3.001s] Level 5:colcon.colcon_core.verb:set package 'samis_drone_crl' build argument 'cmake_force_configure' from command line to 'False'
[3.001s] Level 5:colcon.colcon_core.verb:set package 'samis_drone_crl' build argument 'ament_cmake_args' from command line to 'None'
[3.001s] Level 5:colcon.colcon_core.verb:set package 'samis_drone_crl' build argument 'catkin_cmake_args' from command line to 'None'
[3.001s] Level 5:colcon.colcon_core.verb:set package 'samis_drone_crl' build argument 'catkin_skip_building_tests' from command line to 'False'
[3.001s] DEBUG:colcon.colcon_core.verb:Building package 'samis_drone_crl' with the following arguments: {'ament_cmake_args': None, 'build_base': '/home/peteraerocedi/Samis_Drone/build/samis_drone_crl', 'catkin_cmake_args': None, 'catkin_skip_building_tests': False, 'cmake_args': None, 'cmake_clean_cache': False, 'cmake_clean_first': False, 'cmake_force_configure': False, 'cmake_target': None, 'cmake_target_skip_unavailable': False, 'install_base': '/home/peteraerocedi/Samis_Drone/install/samis_drone_crl', 'merge_install': False, 'path': '/home/peteraerocedi/Samis_Drone/src/samis_drone_crl', 'symlink_install': False, 'test_result_base': None}
[3.038s] INFO:colcon.colcon_core.executor:Executing jobs using 'parallel' executor
[3.091s] DEBUG:colcon.colcon_parallel_executor.executor.parallel:run_until_complete
[3.091s] INFO:colcon.colcon_ros.task.ament_python.build:Building ROS package in '/home/peteraerocedi/Samis_Drone/src/samis_drone_crl' with build type 'ament_python'
[3.092s] Level 1:colcon.colcon_core.shell:create_environment_hook('samis_drone_crl', 'ament_prefix_path')
[3.133s] INFO:colcon.colcon_core.plugin_system:Skipping extension 'colcon_core.shell.bat': Not used on non-Windows systems
[3.133s] INFO:colcon.colcon_core.shell:Creating environment hook '/home/peteraerocedi/Samis_Drone/install/samis_drone_crl/share/samis_drone_crl/hook/ament_prefix_path.ps1'
[3.134s] INFO:colcon.colcon_core.shell:Creating environment descriptor '/home/peteraerocedi/Samis_Drone/install/samis_drone_crl/share/samis_drone_crl/hook/ament_prefix_path.dsv'
[3.134s] INFO:colcon.colcon_core.shell:Creating environment hook '/home/peteraerocedi/Samis_Drone/install/samis_drone_crl/share/samis_drone_crl/hook/ament_prefix_path.sh'
[3.169s] INFO:colcon.colcon_core.shell:Skip shell extension 'powershell' for command environment: Not usable outside of PowerShell
[3.169s] DEBUG:colcon.colcon_core.shell:Skip shell extension 'dsv' for command environment
[3.861s] INFO:colcon.colcon_core.task.python.build:Building Python package in '/home/peteraerocedi/Samis_Drone/src/samis_drone_crl'
[3.896s] INFO:colcon.colcon_core.shell:Skip shell extension 'powershell' for command environment: Not usable outside of PowerShell
[3.896s] DEBUG:colcon.colcon_core.shell:Skip shell extension 'dsv' for command environment
[4.794s] DEBUG:colcon.colcon_core.event_handler.log_command:Invoking command in '/home/peteraerocedi/Samis_Drone/src/samis_drone_crl': PYTHONPATH=/home/peteraerocedi/Samis_Drone/build/samis_drone_crl/prefix_override:/home/peteraerocedi/Samis_Drone/install/samis_drone_crl/lib/python3.10/site-packages:${PYTHONPATH} /usr/bin/python3 setup.py egg_info --egg-base ../../build/samis_drone_crl build --build-base /home/peteraerocedi/Samis_Drone/build/samis_drone_crl/build install --record /home/peteraerocedi/Samis_Drone/build/samis_drone_crl/install.log --single-version-externally-managed
[5.382s] DEBUG:colcon.colcon_core.event_handler.log_command:Invoked command in '/home/peteraerocedi/Samis_Drone/src/samis_drone_crl' returned '0': PYTHONPATH=/home/peteraerocedi/Samis_Drone/build/samis_drone_crl/prefix_override:/home/peteraerocedi/Samis_Drone/install/samis_drone_crl/lib/python3.10/site-packages:${PYTHONPATH} /usr/bin/python3 setup.py egg_info --egg-base ../../build/samis_drone_crl build --build-base /home/peteraerocedi/Samis_Drone/build/samis_drone_crl/build install --record /home/peteraerocedi/Samis_Drone/build/samis_drone_crl/install.log --single-version-externally-managed
[5.422s] Level 1:colcon.colcon_core.environment:checking '/home/peteraerocedi/Samis_Drone/install/samis_drone_crl' for CMake module files
[5.423s] Level 1:colcon.colcon_core.environment:checking '/home/peteraerocedi/Samis_Drone/install/samis_drone_crl' for CMake config files
[5.424s] Level 1:colcon.colcon_core.environment:checking '/home/peteraerocedi/Samis_Drone/install/samis_drone_crl/lib'
[5.424s] Level 1:colcon.colcon_core.environment:checking '/home/peteraerocedi/Samis_Drone/install/samis_drone_crl/bin'
[5.424s] Level 1:colcon.colcon_core.environment:checking '/home/peteraerocedi/Samis_Drone/install/samis_drone_crl/lib/pkgconfig/samis_drone_crl.pc'
[5.425s] Level 1:colcon.colcon_core.environment:checking '/home/peteraerocedi/Samis_Drone/install/samis_drone_crl/lib/python3.10/site-packages'
[5.425s] Level 1:colcon.colcon_core.shell:create_environment_hook('samis_drone_crl', 'pythonpath')
[5.460s] INFO:colcon.colcon_core.shell:Creating environment hook '/home/peteraerocedi/Samis_Drone/install/samis_drone_crl/share/samis_drone_crl/hook/pythonpath.ps1'
[5.460s] INFO:colcon.colcon_core.shell:Creating environment descriptor '/home/peteraerocedi/Samis_Drone/install/samis_drone_crl/share/samis_drone_crl/hook/pythonpath.dsv'
[5.460s] INFO:colcon.colcon_core.shell:Creating environment hook '/home/peteraerocedi/Samis_Drone/install/samis_drone_crl/share/samis_drone_crl/hook/pythonpath.sh'
[5.461s] Level 1:colcon.colcon_core.environment:checking '/home/peteraerocedi/Samis_Drone/install/samis_drone_crl/bin'
[5.461s] Level 1:colcon.colcon_core.environment:create_environment_scripts_only(samis_drone_crl)
[5.495s] INFO:colcon.colcon_core.shell:Creating package script '/home/peteraerocedi/Samis_Drone/install/samis_drone_crl/share/samis_drone_crl/package.ps1'
[5.496s] INFO:colcon.colcon_core.shell:Creating package descriptor '/home/peteraerocedi/Samis_Drone/install/samis_drone_crl/share/samis_drone_crl/package.dsv'
[5.497s] INFO:colcon.colcon_core.shell:Creating package script '/home/peteraerocedi/Samis_Drone/install/samis_drone_crl/share/samis_drone_crl/package.sh'
[5.498s] INFO:colcon.colcon_core.shell:Creating package script '/home/peteraerocedi/Samis_Drone/install/samis_drone_crl/share/samis_drone_crl/package.bash'
[5.499s] INFO:colcon.colcon_core.shell:Creating package script '/home/peteraerocedi/Samis_Drone/install/samis_drone_crl/share/samis_drone_crl/package.zsh'
[5.499s] Level 1:colcon.colcon_core.environment:create_file_with_runtime_dependencies(/home/peteraerocedi/Samis_Drone/install/samis_drone_crl/share/colcon-core/packages/samis_drone_crl)
[5.500s] DEBUG:colcon.colcon_parallel_executor.executor.parallel:closing loop
[5.500s] DEBUG:colcon.colcon_parallel_executor.executor.parallel:loop closed
[5.500s] DEBUG:colcon.colcon_parallel_executor.executor.parallel:run_until_complete finished with '0'
[5.500s] DEBUG:colcon.colcon_core.event_reactor:joining thread
[5.549s] INFO:colcon.colcon_core.plugin_system:Skipping extension 'colcon_notification.desktop_notification.terminal_notifier': Not used on non-Darwin systems
[5.550s] INFO:colcon.colcon_core.plugin_system:Skipping extension 'colcon_notification.desktop_notification.win32': Not used on non-Windows systems
[5.550s] INFO:colcon.colcon_notification.desktop_notification:Sending desktop notification using 'notify2'
[5.563s] DEBUG:colcon.colcon_core.event_reactor:joined thread
[5.603s] INFO:colcon.colcon_core.shell:Creating prefix script '/home/peteraerocedi/Samis_Drone/install/local_setup.ps1'
[5.604s] INFO:colcon.colcon_core.shell:Creating prefix util module '/home/peteraerocedi/Samis_Drone/install/_local_setup_util_ps1.py'
[5.605s] INFO:colcon.colcon_core.shell:Creating prefix chain script '/home/peteraerocedi/Samis_Drone/install/setup.ps1'
[5.650s] INFO:colcon.colcon_core.shell:Creating prefix script '/home/peteraerocedi/Samis_Drone/install/local_setup.sh'
[5.651s] INFO:colcon.colcon_core.shell:Creating prefix util module '/home/peteraerocedi/Samis_Drone/install/_local_setup_util_sh.py'
[5.651s] INFO:colcon.colcon_core.shell:Creating prefix chain script '/home/peteraerocedi/Samis_Drone/install/setup.sh'
[5.698s] INFO:colcon.colcon_core.shell:Creating prefix script '/home/peteraerocedi/Samis_Drone/install/local_setup.bash'
[5.698s] INFO:colcon.colcon_core.shell:Creating prefix chain script '/home/peteraerocedi/Samis_Drone/install/setup.bash'
[5.745s] INFO:colcon.colcon_core.shell:Creating prefix script '/home/peteraerocedi/Samis_Drone/install/local_setup.zsh'
[5.745s] INFO:colcon.colcon_core.shell:Creating prefix chain script '/home/peteraerocedi/Samis_Drone/install/setup.zsh'
